Watching for file changes with StatReloader
Unauthorized: /api/mentor/dashboard/
[10/May/2026 09:43:41] "GET /api/mentor/dashboard/ HTTP/1.1" 401 58
Gone: /api/mentors/1/available-slots/
[10/May/2026 09:43:41] "GET /api/mentors/1/available-slots/ HTTP/1.1" 410 172
[10/May/2026 09:45:33] "OPTIONS /api/auth/login/ HTTP/1.1" 200 0
[10/May/2026 09:45:34] "POST /api/auth/login/ HTTP/1.1" 200 921
[10/May/2026 09:45:35] "OPTIONS /api/statistiques/dashboard/ HTTP/1.1" 200 0
[10/May/2026 09:45:35] "OPTIONS /api/statistiques/dashboard/ HTTP/1.1" 200 0
[10/May/2026 09:45:35] "GET /api/statistiques/dashboard/ HTTP/1.1" 200 177
[10/May/2026 09:45:35] "GET /api/statistiques/dashboard/ HTTP/1.1" 200 177
[10/May/2026 09:45:46] "OPTIONS /api/inscriptions/ HTTP/1.1" 200 0
[10/May/2026 09:45:46] "OPTIONS /api/inscriptions/ HTTP/1.1" 200 0
[10/May/2026 09:45:46] "GET /api/inscriptions/ HTTP/1.1" 200 2404
[10/May/2026 09:45:46] "GET /api/inscriptions/ HTTP/1.1" 200 2404
[10/May/2026 09:45:55] "OPTIONS /api/mentors/ HTTP/1.1" 200 0
[10/May/2026 09:45:55] "OPTIONS /api/mentors/ HTTP/1.1" 200 0
[10/May/2026 09:45:55] "GET /api/mentors/ HTTP/1.1" 200 382
[10/May/2026 09:45:55] "GET /api/mentors/ HTTP/1.1" 200 382
[10/May/2026 09:46:05] "OPTIONS /api/mentorship-assignments/ HTTP/1.1" 200 0
[10/May/2026 09:46:05] "OPTIONS /api/mentorship-assignments/ HTTP/1.1" 200 0
[10/May/2026 09:46:05] "GET /api/mentorship-assignments/ HTTP/1.1" 200 2
[10/May/2026 09:46:05] "GET /api/mentorship-assignments/ HTTP/1.1" 200 2
[10/May/2026 09:46:10] "OPTIONS /api/mentorship-periods/ HTTP/1.1" 200 0
[10/May/2026 09:46:10] "OPTIONS /api/mentorship-periods/ HTTP/1.1" 200 0
[10/May/2026 09:46:10] "GET /api/mentorship-periods/ HTTP/1.1" 200 2
[10/May/2026 09:46:10] "GET /api/mentorship-periods/ HTTP/1.1" 200 2
[10/May/2026 09:47:02] "OPTIONS /api/mentors/ HTTP/1.1" 200 0
[10/May/2026 09:47:02] "OPTIONS /api/mentors/ HTTP/1.1" 200 0
[10/May/2026 09:47:02] "GET /api/mentors/ HTTP/1.1" 200 382
[10/May/2026 09:47:02] "GET /api/mentors/ HTTP/1.1" 200 382
[10/May/2026 09:47:08] "OPTIONS /api/mentorship-periods/ HTTP/1.1" 200 0
[10/May/2026 09:47:08] "OPTIONS /api/users/?profil_mentorat=MENTOR,MENTOR_ET_MENTORE HTTP/1.1" 200 0
[10/May/2026 09:47:08] "OPTIONS /api/users/?profil_mentorat=MENTORE,MENTOR_ET_MENTORE HTTP/1.1" 200 0
[10/May/2026 09:47:08] "OPTIONS /api/admin/mentorship-sessions/ HTTP/1.1" 200 0
[10/May/2026 09:47:08] "OPTIONS /api/users/?profil_mentorat=MENTORE,MENTOR_ET_MENTORE HTTP/1.1" 200 0
[10/May/2026 09:47:08] "OPTIONS /api/admin/mentorship-sessions/ HTTP/1.1" 200 0
[10/May/2026 09:47:08] "OPTIONS /api/mentorship-periods/ HTTP/1.1" 200 0
[10/May/2026 09:47:08] "OPTIONS /api/users/?profil_mentorat=MENTOR,MENTOR_ET_MENTORE HTTP/1.1" 200 0
[10/May/2026 09:47:08] "GET /api/mentorship-periods/ HTTP/1.1" 200 2
[10/May/2026 09:47:08] "GET /api/users/?profil_mentorat=MENTOR,MENTOR_ET_MENTORE HTTP/1.1" 200 466
[10/May/2026 09:47:08] "GET /api/users/?profil_mentorat=MENTORE,MENTOR_ET_MENTORE HTTP/1.1" 200 929
[10/May/2026 09:47:08] "GET /api/admin/mentorship-sessions/ HTTP/1.1" 200 2
[10/May/2026 09:47:08] "GET /api/admin/mentorship-sessions/ HTTP/1.1" 200 2
[10/May/2026 09:47:08] "GET /api/mentorship-periods/ HTTP/1.1" 200 2
[10/May/2026 09:47:08] "GET /api/users/?profil_mentorat=MENTOR,MENTOR_ET_MENTORE HTTP/1.1" 200 466
[10/May/2026 09:47:08] "GET /api/users/?profil_mentorat=MENTORE,MENTOR_ET_MENTORE HTTP/1.1" 200 929
[10/May/2026 09:47:44] "OPTIONS /api/mentorship-periods/ HTTP/1.1" 200 0
[10/May/2026 09:47:44] "OPTIONS /api/mentorship-periods/ HTTP/1.1" 200 0
[10/May/2026 09:47:44] "GET /api/mentorship-periods/ HTTP/1.1" 200 2
[10/May/2026 09:47:44] "GET /api/mentorship-periods/ HTTP/1.1" 200 2
[10/May/2026 09:48:19] "OPTIONS /api/mentorship-periods/ HTTP/1.1" 200 0
[10/May/2026 09:48:19] "GET /api/mentorship-periods/ HTTP/1.1" 200 2
[10/May/2026 09:48:22] "OPTIONS /api/mentorship-periods/ HTTP/1.1" 200 0
[10/May/2026 09:48:22] "OPTIONS /api/parametres/ HTTP/1.1" 200 0
[10/May/2026 09:48:22] "OPTIONS /api/mentorship-periods/ HTTP/1.1" 200 0
[10/May/2026 09:48:22] "OPTIONS /api/parametres/ HTTP/1.1" 200 0
[10/May/2026 09:48:22] "GET /api/parametres/ HTTP/1.1" 200 119
[10/May/2026 09:48:22] "GET /api/mentorship-periods/ HTTP/1.1" 200 2
[10/May/2026 09:48:22] "GET /api/parametres/ HTTP/1.1" 200 119
[10/May/2026 09:48:22] "GET /api/mentorship-periods/ HTTP/1.1" 200 2
[10/May/2026 09:50:20] "OPTIONS /api/mentorship-periods/ HTTP/1.1" 200 0
[10/May/2026 09:50:20] "OPTIONS /api/users/?profil_mentorat=MENTOR,MENTOR_ET_MENTORE HTTP/1.1" 200 0
[10/May/2026 09:50:20] "OPTIONS /api/users/?profil_mentorat=MENTORE,MENTOR_ET_MENTORE HTTP/1.1" 200 0
[10/May/2026 09:50:20] "OPTIONS /api/mentorship-periods/ HTTP/1.1" 200 0
[10/May/2026 09:50:20] "OPTIONS /api/admin/mentorship-progress/ HTTP/1.1" 200 0
[10/May/2026 09:50:20] "OPTIONS /api/users/?profil_mentorat=MENTOR,MENTOR_ET_MENTORE HTTP/1.1" 200 0
[10/May/2026 09:50:20] "OPTIONS /api/users/?profil_mentorat=MENTORE,MENTOR_ET_MENTORE HTTP/1.1" 200 0
[10/May/2026 09:50:20] "OPTIONS /api/admin/mentorship-progress/ HTTP/1.1" 200 0
[10/May/2026 09:50:20] "GET /api/mentorship-periods/ HTTP/1.1" 200 2
[10/May/2026 09:50:20] "GET /api/users/?profil_mentorat=MENTOR,MENTOR_ET_MENTORE HTTP/1.1" 200 466
[10/May/2026 09:50:20] "GET /api/admin/mentorship-progress/ HTTP/1.1" 200 2
[10/May/2026 09:50:20] "GET /api/users/?profil_mentorat=MENTOR,MENTOR_ET_MENTORE HTTP/1.1" 200 466
[10/May/2026 09:50:20] "GET /api/mentorship-periods/ HTTP/1.1" 200 2
[10/May/2026 09:50:20] "GET /api/users/?profil_mentorat=MENTORE,MENTOR_ET_MENTORE HTTP/1.1" 200 929
[10/May/2026 09:50:20] "GET /api/users/?profil_mentorat=MENTORE,MENTOR_ET_MENTORE HTTP/1.1" 200 929
[10/May/2026 09:50:20] "GET /api/admin/mentorship-progress/ HTTP/1.1" 200 2
[10/May/2026 09:50:36] "OPTIONS /api/mentorship-periods/ HTTP/1.1" 200 0
[10/May/2026 09:50:36] "OPTIONS /api/mentorship-periods/ HTTP/1.1" 200 0
[10/May/2026 09:50:36] "GET /api/mentorship-periods/ HTTP/1.1" 200 2
[10/May/2026 09:50:36] "GET /api/mentorship-periods/ HTTP/1.1" 200 2
[10/May/2026 09:50:43] "OPTIONS /api/users/?profil_mentorat=MENTORE,MENTOR_ET_MENTORE HTTP/1.1" 200 0
[10/May/2026 09:50:43] "OPTIONS /api/users/?profil_mentorat=MENTOR,MENTOR_ET_MENTORE HTTP/1.1" 200 0
[10/May/2026 09:50:43] "OPTIONS /api/mentorship-periods/ HTTP/1.1" 200 0
[10/May/2026 09:50:43] "OPTIONS /api/admin/mentorship-reports/ HTTP/1.1" 200 0
[10/May/2026 09:50:43] "OPTIONS /api/mentorship-periods/ HTTP/1.1" 200 0
[10/May/2026 09:50:43] "OPTIONS /api/admin/mentorship-overview/ HTTP/1.1" 200 0
[10/May/2026 09:50:43] "OPTIONS /api/users/?profil_mentorat=MENTORE,MENTOR_ET_MENTORE HTTP/1.1" 200 0
[10/May/2026 09:50:43] "OPTIONS /api/users/?profil_mentorat=MENTOR,MENTOR_ET_MENTORE HTTP/1.1" 200 0
[10/May/2026 09:50:43] "OPTIONS /api/admin/mentorship-reports/ HTTP/1.1" 200 0
[10/May/2026 09:50:43] "OPTIONS /api/admin/mentorship-overview/ HTTP/1.1" 200 0
[10/May/2026 09:50:44] "GET /api/admin/mentorship-overview/ HTTP/1.1" 200 255
[10/May/2026 09:50:44] "GET /api/users/?profil_mentorat=MENTORE,MENTOR_ET_MENTORE HTTP/1.1" 200 929
[10/May/2026 09:50:44] "GET /api/mentorship-periods/ HTTP/1.1" 200 2
[10/May/2026 09:50:44] "GET /api/mentorship-periods/ HTTP/1.1" 200 2
[10/May/2026 09:50:44] "GET /api/users/?profil_mentorat=MENTOR,MENTOR_ET_MENTORE HTTP/1.1" 200 466
[10/May/2026 09:50:44] "GET /api/admin/mentorship-reports/ HTTP/1.1" 200 63
[10/May/2026 09:50:44] "GET /api/users/?profil_mentorat=MENTORE,MENTOR_ET_MENTORE HTTP/1.1" 200 929
[10/May/2026 09:50:44] "GET /api/admin/mentorship-reports/ HTTP/1.1" 200 63
[10/May/2026 09:50:44] "GET /api/admin/mentorship-overview/ HTTP/1.1" 200 255
[10/May/2026 09:50:44] "GET /api/users/?profil_mentorat=MENTOR,MENTOR_ET_MENTORE HTTP/1.1" 200 466
[10/May/2026 09:51:10] "OPTIONS /api/mentorship-periods/ HTTP/1.1" 200 0
[10/May/2026 09:51:10] "OPTIONS /api/mentorship-periods/ HTTP/1.1" 200 0
[10/May/2026 09:51:10] "OPTIONS /api/users/?profil_mentorat=MENTOR,MENTOR_ET_MENTORE HTTP/1.1" 200 0
[10/May/2026 09:51:10] "OPTIONS /api/users/?profil_mentorat=MENTOR,MENTOR_ET_MENTORE HTTP/1.1" 200 0
[10/May/2026 09:51:10] "OPTIONS /api/users/?profil_mentorat=MENTORE,MENTOR_ET_MENTORE HTTP/1.1" 200 0
[10/May/2026 09:51:10] "OPTIONS /api/mentorship-assignments/ HTTP/1.1" 200 0
[10/May/2026 09:51:10] "OPTIONS /api/users/?profil_mentorat=MENTORE,MENTOR_ET_MENTORE HTTP/1.1" 200 0
[10/May/2026 09:51:10] "OPTIONS /api/mentorship-assignments/ HTTP/1.1" 200 0
[10/May/2026 09:51:10] "GET /api/mentorship-periods/ HTTP/1.1" 200 2
[10/May/2026 09:51:10] "GET /api/mentorship-assignments/ HTTP/1.1" 200 2
[10/May/2026 09:51:10] "GET /api/users/?profil_mentorat=MENTOR,MENTOR_ET_MENTORE HTTP/1.1" 200 466
[10/May/2026 09:51:10] "GET /api/mentorship-periods/ HTTP/1.1" 200 2
[10/May/2026 09:51:10] "GET /api/users/?profil_mentorat=MENTOR,MENTOR_ET_MENTORE HTTP/1.1" 200 466
[10/May/2026 09:51:10] "GET /api/users/?profil_mentorat=MENTORE,MENTOR_ET_MENTORE HTTP/1.1" 200 929
[10/May/2026 09:51:10] "GET /api/users/?profil_mentorat=MENTORE,MENTOR_ET_MENTORE HTTP/1.1" 200 929
[10/May/2026 09:51:10] "GET /api/mentorship-assignments/ HTTP/1.1" 200 2
[10/May/2026 09:55:20] "OPTIONS /api/users/?role_nom=ADMIN_OPERATIONNEL HTTP/1.1" 200 0
[10/May/2026 09:55:20] "OPTIONS /api/users/?role_nom=ADMIN_OPERATIONNEL HTTP/1.1" 200 0
[10/May/2026 09:55:20] "GET /api/users/?role_nom=ADMIN_OPERATIONNEL HTTP/1.1" 200 2
[10/May/2026 09:55:20] "GET /api/users/?role_nom=ADMIN_OPERATIONNEL HTTP/1.1" 200 2
[10/May/2026 09:55:24] "OPTIONS /api/parametres/ HTTP/1.1" 200 0
[10/May/2026 09:55:24] "OPTIONS /api/parametres/ HTTP/1.1" 200 0
[10/May/2026 09:55:24] "GET /api/parametres/ HTTP/1.1" 200 119
[10/May/2026 09:55:24] "GET /api/parametres/ HTTP/1.1" 200 119
[10/May/2026 09:55:39] "OPTIONS /api/mentorship-periods/ HTTP/1.1" 200 0
[10/May/2026 09:55:39] "OPTIONS /api/mentorship-periods/ HTTP/1.1" 200 0
[10/May/2026 09:55:39] "GET /api/mentorship-periods/ HTTP/1.1" 200 2
[10/May/2026 09:55:39] "GET /api/mentorship-periods/ HTTP/1.1" 200 2
C:\Users\DUC\Desktop\Programme X\backend\apps\mentorat\models.py changed, reloading.
Watching for file changes with StatReloader
C:\Users\DUC\Desktop\Programme X\backend\apps\mentorat\services.py changed, reloading.
Watching for file changes with StatReloader
C:\Users\DUC\Desktop\Programme X\backend\apps\users\views.py changed, reloading.
Watching for file changes with StatReloader
C:\Users\DUC\Desktop\Programme X\backend\apps\inscriptions\models.py changed, reloading.
Watching for file changes with StatReloader
C:\Users\DUC\Desktop\Programme X\backend\apps\inscriptions\serializers.py changed, reloading.
Watching for file changes with StatReloader
C:\Users\DUC\Desktop\Programme X\backend\apps\inscriptions\serializers.py changed, reloading.
Watching for file changes with StatReloader
C:\Users\DUC\Desktop\Programme X\backend\apps\inscriptions\views.py changed, reloading.
Watching for file changes with StatReloader
C:\Users\DUC\Desktop\Programme X\backend\apps\inscriptions\views.py changed, reloading.
Watching for file changes with StatReloader
C:\Users\DUC\Desktop\Programme X\backend\apps\mentorat\views.py changed, reloading.
Watching for file changes with StatReloader
[10/May/2026 09:57:22] "OPTIONS /api/mentorship-periods/ HTTP/1.1" 200 0
[10/May/2026 09:57:22] "OPTIONS /api/mentorship-periods/ HTTP/1.1" 200 0
[10/May/2026 09:57:22] "GET /api/mentorship-periods/ HTTP/1.1" 200 2
[10/May/2026 09:57:22] "GET /api/mentorship-periods/ HTTP/1.1" 200 2
C:\Users\DUC\Desktop\Programme X\backend\apps\mentorat\urls.py changed, reloading.
Watching for file changes with StatReloader
[10/May/2026 09:59:24] "OPTIONS /api/mentorship-periods/ HTTP/1.1" 200 0
[10/May/2026 09:59:24] "POST /api/mentorship-periods/ HTTP/1.1" 201 238
[10/May/2026 09:59:24] "OPTIONS /api/mentorship-periods/ HTTP/1.1" 200 0
[10/May/2026 09:59:24] "GET /api/mentorship-periods/ HTTP/1.1" 200 310
[10/May/2026 09:59:35] "OPTIONS /api/mentorship-periods/1/ HTTP/1.1" 200 0
[10/May/2026 09:59:35] "PATCH /api/mentorship-periods/1/ HTTP/1.1" 200 311
[10/May/2026 09:59:35] "OPTIONS /api/mentorship-periods/ HTTP/1.1" 200 0
[10/May/2026 09:59:35] "GET /api/mentorship-periods/ HTTP/1.1" 200 313
[10/May/2026 09:59:37] "OPTIONS /api/mentorship-periods/1/ HTTP/1.1" 200 0
[10/May/2026 09:59:37] "PATCH /api/mentorship-periods/1/ HTTP/1.1" 200 308
[10/May/2026 09:59:37] "OPTIONS /api/mentorship-periods/ HTTP/1.1" 200 0
[10/May/2026 09:59:37] "GET /api/mentorship-periods/ HTTP/1.1" 200 310
[10/May/2026 10:00:27] "OPTIONS /api/users/?role_nom=ADMIN_OPERATIONNEL HTTP/1.1" 200 0
[10/May/2026 10:00:27] "OPTIONS /api/users/?role_nom=ADMIN_OPERATIONNEL HTTP/1.1" 200 0
[10/May/2026 10:00:27] "GET /api/users/?role_nom=ADMIN_OPERATIONNEL HTTP/1.1" 200 2
[10/May/2026 10:00:27] "GET /api/users/?role_nom=ADMIN_OPERATIONNEL HTTP/1.1" 200 2
[10/May/2026 10:00:49] "OPTIONS /api/mentorship-periods/ HTTP/1.1" 200 0
[10/May/2026 10:00:49] "OPTIONS /api/mentorship-periods/ HTTP/1.1" 200 0
[10/May/2026 10:00:49] "GET /api/mentorship-periods/ HTTP/1.1" 200 310
[10/May/2026 10:00:49] "GET /api/mentorship-periods/ HTTP/1.1" 200 310
[10/May/2026 10:04:21] "GET /api/mentorship-periods/available/ HTTP/1.1" 200 240
[10/May/2026 10:04:21] "GET /api/niveaux/ HTTP/1.1" 200 485
[10/May/2026 10:04:21] "GET /api/mentorship-periods/available/ HTTP/1.1" 200 240
[10/May/2026 10:04:22] "GET /api/niveaux/ HTTP/1.1" 200 485
[10/May/2026 10:04:55] "GET /api/niveaux/ HTTP/1.1" 200 485
[10/May/2026 10:04:55] "GET /api/mentorship-periods/available/ HTTP/1.1" 200 240
[10/May/2026 10:04:55] "GET /api/niveaux/ HTTP/1.1" 200 485
[10/May/2026 10:04:55] "GET /api/mentorship-periods/available/ HTTP/1.1" 200 240
[10/May/2026 10:05:06] "OPTIONS /api/parametres/ HTTP/1.1" 200 0
[10/May/2026 10:05:06] "OPTIONS /api/parametres/ HTTP/1.1" 200 0
[10/May/2026 10:05:06] "GET /api/parametres/ HTTP/1.1" 200 119
[10/May/2026 10:05:06] "GET /api/parametres/ HTTP/1.1" 200 119
[10/May/2026 10:05:21] "OPTIONS /api/parametres/ HTTP/1.1" 200 0
[10/May/2026 10:05:21] "OPTIONS /api/parametres/ HTTP/1.1" 200 0
[10/May/2026 10:05:21] "OPTIONS /api/parametres/ HTTP/1.1" 200 0
[10/May/2026 10:05:21] "OPTIONS /api/parametres/ HTTP/1.1" 200 0
[10/May/2026 10:05:21] "GET /api/parametres/ HTTP/1.1" 200 119
[10/May/2026 10:05:21] "GET /api/parametres/ HTTP/1.1" 200 119
[10/May/2026 10:05:21] "GET /api/parametres/ HTTP/1.1" 200 119
[10/May/2026 10:05:21] "GET /api/parametres/ HTTP/1.1" 200 119
[10/May/2026 10:05:27] "OPTIONS /api/parametres/ HTTP/1.1" 200 0
[10/May/2026 10:05:28] "GET /api/parametres/ HTTP/1.1" 200 119
[10/May/2026 10:05:28] "OPTIONS /api/mentorship-periods/ HTTP/1.1" 200 0
[10/May/2026 10:05:28] "OPTIONS /api/mentorship-periods/ HTTP/1.1" 200 0
[10/May/2026 10:05:28] "GET /api/mentorship-periods/ HTTP/1.1" 200 310
[10/May/2026 10:05:28] "GET /api/mentorship-periods/ HTTP/1.1" 200 310
[10/May/2026 10:05:44] "OPTIONS /api/parametres/ HTTP/1.1" 200 0
[10/May/2026 10:05:44] "GET /api/parametres/ HTTP/1.1" 200 119
[10/May/2026 10:05:51] "OPTIONS /api/parametres/ HTTP/1.1" 200 0
[10/May/2026 10:05:51] "OPTIONS /api/parametres/ HTTP/1.1" 200 0
[10/May/2026 10:05:51] "GET /api/parametres/ HTTP/1.1" 200 119
[10/May/2026 10:05:51] "GET /api/parametres/ HTTP/1.1" 200 119
[10/May/2026 10:05:54] "OPTIONS /api/parametres/ HTTP/1.1" 200 0
[10/May/2026 10:05:54] "OPTIONS /api/parametres/ HTTP/1.1" 200 0
[10/May/2026 10:05:54] "GET /api/parametres/ HTTP/1.1" 200 119
[10/May/2026 10:05:54] "GET /api/parametres/ HTTP/1.1" 200 119
[10/May/2026 10:05:54] "OPTIONS /api/mentorship-periods/ HTTP/1.1" 200 0
[10/May/2026 10:05:54] "OPTIONS /api/mentorship-periods/ HTTP/1.1" 200 0
[10/May/2026 10:05:54] "GET /api/mentorship-periods/ HTTP/1.1" 200 310
[10/May/2026 10:05:55] "GET /api/mentorship-periods/ HTTP/1.1" 200 310
[10/May/2026 10:07:13] "OPTIONS /api/parametres/ HTTP/1.1" 200 0
[10/May/2026 10:07:13] "GET /api/parametres/ HTTP/1.1" 200 119
[10/May/2026 10:07:59] "OPTIONS /api/parametres/ HTTP/1.1" 200 0
[10/May/2026 10:07:59] "GET /api/parametres/ HTTP/1.1" 200 119
[10/May/2026 10:07:59] "OPTIONS /api/parametres/ HTTP/1.1" 200 0
[10/May/2026 10:07:59] "OPTIONS /api/parametres/ HTTP/1.1" 200 0
[10/May/2026 10:07:59] "GET /api/parametres/ HTTP/1.1" 200 119
[10/May/2026 10:07:59] "GET /api/parametres/ HTTP/1.1" 200 119
[10/May/2026 10:08:03] "OPTIONS /api/parametres/ HTTP/1.1" 200 0
[10/May/2026 10:08:03] "GET /api/parametres/ HTTP/1.1" 200 119
[10/May/2026 10:08:03] "OPTIONS /api/mentorship-periods/ HTTP/1.1" 200 0
[10/May/2026 10:08:03] "OPTIONS /api/mentorship-periods/ HTTP/1.1" 200 0
[10/May/2026 10:08:03] "GET /api/mentorship-periods/ HTTP/1.1" 200 310
[10/May/2026 10:08:03] "GET /api/mentorship-periods/ HTTP/1.1" 200 310
[10/May/2026 10:08:08] "OPTIONS /api/parametres/ HTTP/1.1" 200 0
[10/May/2026 10:08:08] "GET /api/parametres/ HTTP/1.1" 200 119
[10/May/2026 10:09:31] "OPTIONS /api/parametres/ HTTP/1.1" 200 0
[10/May/2026 10:09:31] "GET /api/parametres/ HTTP/1.1" 200 119
[10/May/2026 10:09:31] "OPTIONS /api/mentorship-periods/ HTTP/1.1" 200 0
[10/May/2026 10:09:31] "OPTIONS /api/mentorship-periods/ HTTP/1.1" 200 0
[10/May/2026 10:09:31] "GET /api/mentorship-periods/ HTTP/1.1" 200 310
[10/May/2026 10:09:31] "GET /api/mentorship-periods/ HTTP/1.1" 200 310
[10/May/2026 10:12:33] "OPTIONS /api/parametres/ HTTP/1.1" 200 0
[10/May/2026 10:12:33] "GET /api/parametres/ HTTP/1.1" 200 119
[10/May/2026 10:17:44] "OPTIONS /api/parametres/ HTTP/1.1" 200 0
[10/May/2026 10:17:44] "OPTIONS /api/parametres/ HTTP/1.1" 200 0
[10/May/2026 10:17:45] "GET /api/parametres/ HTTP/1.1" 200 119
[10/May/2026 10:17:45] "GET /api/parametres/ HTTP/1.1" 200 119
[10/May/2026 10:17:59] "OPTIONS /api/parametres/ HTTP/1.1" 200 0
[10/May/2026 10:17:59] "GET /api/parametres/ HTTP/1.1" 200 119
[10/May/2026 10:17:59] "OPTIONS /api/mentorship-periods/ HTTP/1.1" 200 0
[10/May/2026 10:17:59] "OPTIONS /api/mentorship-periods/ HTTP/1.1" 200 0
[10/May/2026 10:17:59] "GET /api/mentorship-periods/ HTTP/1.1" 200 310
[10/May/2026 10:17:59] "GET /api/mentorship-periods/ HTTP/1.1" 200 310
[10/May/2026 10:19:20] "OPTIONS /api/parametres/ HTTP/1.1" 200 0
[10/May/2026 10:19:20] "GET /api/parametres/ HTTP/1.1" 200 119
[10/May/2026 10:19:27] "OPTIONS /api/parametres/ HTTP/1.1" 200 0
[10/May/2026 10:19:27] "GET /api/parametres/ HTTP/1.1" 200 119
[10/May/2026 10:19:27] "OPTIONS /api/mentorship-periods/ HTTP/1.1" 200 0
[10/May/2026 10:19:27] "OPTIONS /api/mentorship-periods/ HTTP/1.1" 200 0
[10/May/2026 10:19:27] "GET /api/mentorship-periods/ HTTP/1.1" 200 310
[10/May/2026 10:19:27] "GET /api/mentorship-periods/ HTTP/1.1" 200 310
[10/May/2026 10:19:38] "OPTIONS /api/parametres/ HTTP/1.1" 200 0
[10/May/2026 10:19:38] "OPTIONS /api/mentorship-periods/ HTTP/1.1" 200 0
[10/May/2026 10:19:38] "OPTIONS /api/users/?profil_mentorat=MENTOR,MENTOR_ET_MENTORE HTTP/1.1" 200 0
[10/May/2026 10:19:38] "OPTIONS /api/users/?profil_mentorat=MENTORE,MENTOR_ET_MENTORE HTTP/1.1" 200 0
[10/May/2026 10:19:38] "OPTIONS /api/parametres/ HTTP/1.1" 200 0
[10/May/2026 10:19:38] "OPTIONS /api/mentorship-periods/ HTTP/1.1" 200 0
[10/May/2026 10:19:38] "OPTIONS /api/users/?profil_mentorat=MENTORE,MENTOR_ET_MENTORE HTTP/1.1" 200 0
[10/May/2026 10:19:38] "OPTIONS /api/admin/mentorship-progress/ HTTP/1.1" 200 0
[10/May/2026 10:19:38] "OPTIONS /api/users/?profil_mentorat=MENTOR,MENTOR_ET_MENTORE HTTP/1.1" 200 0
[10/May/2026 10:19:38] "OPTIONS /api/admin/mentorship-progress/ HTTP/1.1" 200 0
[10/May/2026 10:19:38] "GET /api/parametres/ HTTP/1.1" 200 119
[10/May/2026 10:19:38] "GET /api/mentorship-periods/ HTTP/1.1" 200 310
[10/May/2026 10:19:38] "GET /api/users/?profil_mentorat=MENTOR,MENTOR_ET_MENTORE HTTP/1.1" 200 466
[10/May/2026 10:19:38] "GET /api/parametres/ HTTP/1.1" 200 119
[10/May/2026 10:19:38] "GET /api/users/?profil_mentorat=MENTORE,MENTOR_ET_MENTORE HTTP/1.1" 200 929
[10/May/2026 10:19:38] "GET /api/mentorship-periods/ HTTP/1.1" 200 310
[10/May/2026 10:19:38] "GET /api/admin/mentorship-progress/ HTTP/1.1" 200 2
[10/May/2026 10:19:38] "GET /api/users/?profil_mentorat=MENTOR,MENTOR_ET_MENTORE HTTP/1.1" 200 466
[10/May/2026 10:19:38] "GET /api/admin/mentorship-progress/ HTTP/1.1" 200 2
[10/May/2026 10:19:38] "GET /api/users/?profil_mentorat=MENTORE,MENTOR_ET_MENTORE HTTP/1.1" 200 929
[10/May/2026 10:19:46] "OPTIONS /api/parametres/ HTTP/1.1" 200 0
[10/May/2026 10:19:46] "OPTIONS /api/inscriptions/ HTTP/1.1" 200 0
[10/May/2026 10:19:46] "OPTIONS /api/inscriptions/ HTTP/1.1" 200 0
[10/May/2026 10:19:46] "OPTIONS /api/parametres/ HTTP/1.1" 200 0
[10/May/2026 10:19:46] "GET /api/parametres/ HTTP/1.1" 200 119
[10/May/2026 10:19:46] "GET /api/parametres/ HTTP/1.1" 200 119
[10/May/2026 10:19:46] "GET /api/inscriptions/ HTTP/1.1" 200 2479
[10/May/2026 10:19:46] "GET /api/inscriptions/ HTTP/1.1" 200 2479
[10/May/2026 10:19:50] "OPTIONS /api/parametres/ HTTP/1.1" 200 0
[10/May/2026 10:19:50] "OPTIONS /api/parametres/ HTTP/1.1" 200 0
[10/May/2026 10:19:50] "OPTIONS /api/mentors/ HTTP/1.1" 200 0
[10/May/2026 10:19:50] "OPTIONS /api/mentors/ HTTP/1.1" 200 0
[10/May/2026 10:19:50] "GET /api/parametres/ HTTP/1.1" 200 119
[10/May/2026 10:19:50] "GET /api/parametres/ HTTP/1.1" 200 119
[10/May/2026 10:19:50] "GET /api/mentors/ HTTP/1.1" 200 382
[10/May/2026 10:19:50] "GET /api/mentors/ HTTP/1.1" 200 382
[10/May/2026 10:19:53] "OPTIONS /api/parametres/ HTTP/1.1" 200 0
[10/May/2026 10:19:53] "OPTIONS /api/users/?profil_mentorat=MENTORE,MENTOR_ET_MENTORE HTTP/1.1" 200 0
[10/May/2026 10:19:53] "OPTIONS /api/parametres/ HTTP/1.1" 200 0
[10/May/2026 10:19:53] "OPTIONS /api/users/?profil_mentorat=MENTORE,MENTOR_ET_MENTORE HTTP/1.1" 200 0
[10/May/2026 10:19:53] "GET /api/parametres/ HTTP/1.1" 200 119
[10/May/2026 10:19:53] "GET /api/users/?profil_mentorat=MENTORE,MENTOR_ET_MENTORE HTTP/1.1" 200 929
[10/May/2026 10:19:53] "GET /api/parametres/ HTTP/1.1" 200 119
[10/May/2026 10:19:53] "GET /api/users/?profil_mentorat=MENTORE,MENTOR_ET_MENTORE HTTP/1.1" 200 929
[10/May/2026 10:19:56] "OPTIONS /api/parametres/ HTTP/1.1" 200 0
[10/May/2026 10:19:56] "OPTIONS /api/mentorship-assignments/ HTTP/1.1" 200 0
[10/May/2026 10:19:56] "OPTIONS /api/mentorship-assignments/ HTTP/1.1" 200 0
[10/May/2026 10:19:56] "OPTIONS /api/parametres/ HTTP/1.1" 200 0
[10/May/2026 10:19:56] "GET /api/parametres/ HTTP/1.1" 200 119
[10/May/2026 10:19:56] "GET /api/parametres/ HTTP/1.1" 200 119
[10/May/2026 10:19:56] "GET /api/mentorship-assignments/ HTTP/1.1" 200 2
[10/May/2026 10:19:56] "GET /api/mentorship-assignments/ HTTP/1.1" 200 2
[10/May/2026 10:19:58] "OPTIONS /api/parametres/ HTTP/1.1" 200 0
[10/May/2026 10:19:58] "OPTIONS /api/mentorship-periods/ HTTP/1.1" 200 0
[10/May/2026 10:19:58] "OPTIONS /api/parametres/ HTTP/1.1" 200 0
[10/May/2026 10:19:58] "OPTIONS /api/mentorship-periods/ HTTP/1.1" 200 0
[10/May/2026 10:19:58] "GET /api/mentorship-periods/ HTTP/1.1" 200 310
[10/May/2026 10:19:58] "GET /api/parametres/ HTTP/1.1" 200 119
[10/May/2026 10:19:58] "GET /api/parametres/ HTTP/1.1" 200 119
[10/May/2026 10:19:58] "GET /api/mentorship-periods/ HTTP/1.1" 200 310
[10/May/2026 10:20:40] "OPTIONS /api/parametres/ HTTP/1.1" 200 0
[10/May/2026 10:20:40] "OPTIONS /api/mentorship-periods/ HTTP/1.1" 200 0
[10/May/2026 10:20:40] "OPTIONS /api/users/?profil_mentorat=MENTORE,MENTOR_ET_MENTORE HTTP/1.1" 200 0
[10/May/2026 10:20:40] "OPTIONS /api/parametres/ HTTP/1.1" 200 0
[10/May/2026 10:20:40] "OPTIONS /api/mentorship-assignments/ HTTP/1.1" 200 0
[10/May/2026 10:20:40] "OPTIONS /api/users/?profil_mentorat=MENTOR,MENTOR_ET_MENTORE HTTP/1.1" 200 0
[10/May/2026 10:20:40] "OPTIONS /api/mentorship-periods/ HTTP/1.1" 200 0
[10/May/2026 10:20:40] "OPTIONS /api/users/?profil_mentorat=MENTORE,MENTOR_ET_MENTORE HTTP/1.1" 200 0
[10/May/2026 10:20:40] "OPTIONS /api/mentorship-assignments/ HTTP/1.1" 200 0
[10/May/2026 10:20:40] "OPTIONS /api/users/?profil_mentorat=MENTOR,MENTOR_ET_MENTORE HTTP/1.1" 200 0
[10/May/2026 10:20:40] "GET /api/parametres/ HTTP/1.1" 200 119
[10/May/2026 10:20:40] "GET /api/parametres/ HTTP/1.1" 200 119
[10/May/2026 10:20:40] "GET /api/users/?profil_mentorat=MENTORE,MENTOR_ET_MENTORE HTTP/1.1" 200 929
[10/May/2026 10:20:40] "GET /api/mentorship-periods/ HTTP/1.1" 200 310
[10/May/2026 10:20:40] "GET /api/mentorship-assignments/ HTTP/1.1" 200 2
[10/May/2026 10:20:40] "GET /api/users/?profil_mentorat=MENTOR,MENTOR_ET_MENTORE HTTP/1.1" 200 466
[10/May/2026 10:20:40] "GET /api/mentorship-periods/ HTTP/1.1" 200 310
[10/May/2026 10:20:40] "GET /api/users/?profil_mentorat=MENTORE,MENTOR_ET_MENTORE HTTP/1.1" 200 929
[10/May/2026 10:20:40] "GET /api/mentorship-assignments/ HTTP/1.1" 200 2
[10/May/2026 10:20:40] "GET /api/users/?profil_mentorat=MENTOR,MENTOR_ET_MENTORE HTTP/1.1" 200 466
[10/May/2026 10:21:37] "OPTIONS /api/parametres/ HTTP/1.1" 200 0
[10/May/2026 10:21:37] "OPTIONS /api/parametres/ HTTP/1.1" 200 0
[10/May/2026 10:21:37] "OPTIONS /api/parametres/ HTTP/1.1" 200 0
[10/May/2026 10:21:37] "OPTIONS /api/parametres/ HTTP/1.1" 200 0
[10/May/2026 10:21:38] "GET /api/parametres/ HTTP/1.1" 200 119
[10/May/2026 10:21:38] "GET /api/parametres/ HTTP/1.1" 200 119
[10/May/2026 10:21:38] "GET /api/parametres/ HTTP/1.1" 200 119
[10/May/2026 10:21:38] "GET /api/parametres/ HTTP/1.1" 200 119
[10/May/2026 10:21:38] "OPTIONS /api/mentorship-periods/ HTTP/1.1" 200 0
[10/May/2026 10:21:38] "OPTIONS /api/mentorship-periods/ HTTP/1.1" 200 0
[10/May/2026 10:21:38] "GET /api/mentorship-periods/ HTTP/1.1" 200 310
[10/May/2026 10:21:38] "GET /api/mentorship-periods/ HTTP/1.1" 200 310
[10/May/2026 10:21:42] "OPTIONS /api/parametres/ HTTP/1.1" 200 0
[10/May/2026 10:21:42] "GET /api/parametres/ HTTP/1.1" 200 119
[10/May/2026 10:21:46] "OPTIONS /api/parametres/ HTTP/1.1" 200 0
[10/May/2026 10:21:46] "GET /api/parametres/ HTTP/1.1" 200 119
[10/May/2026 10:21:46] "OPTIONS /api/mentorship-periods/ HTTP/1.1" 200 0
[10/May/2026 10:21:46] "OPTIONS /api/mentorship-periods/ HTTP/1.1" 200 0
[10/May/2026 10:21:46] "GET /api/mentorship-periods/ HTTP/1.1" 200 310
[10/May/2026 10:21:46] "GET /api/mentorship-periods/ HTTP/1.1" 200 310
[10/May/2026 10:22:01] "OPTIONS /api/parametres/ HTTP/1.1" 200 0
[10/May/2026 10:22:01] "OPTIONS /api/parametres/ HTTP/1.1" 200 0
[10/May/2026 10:22:01] "GET /api/parametres/ HTTP/1.1" 200 119
[10/May/2026 10:22:01] "OPTIONS /api/mentorship-periods/ HTTP/1.1" 200 0
[10/May/2026 10:22:01] "OPTIONS /api/mentorship-periods/ HTTP/1.1" 200 0
[10/May/2026 10:22:02] "GET /api/mentorship-periods/ HTTP/1.1" 200 310
[10/May/2026 10:22:02] "GET /api/parametres/ HTTP/1.1" 200 119
[10/May/2026 10:22:02] "GET /api/mentorship-periods/ HTTP/1.1" 200 310
[10/May/2026 10:22:38] "OPTIONS /api/users/?profil_mentorat=MENTOR,MENTOR_ET_MENTORE HTTP/1.1" 200 0
[10/May/2026 10:22:38] "OPTIONS /api/mentorship-periods/ HTTP/1.1" 200 0
[10/May/2026 10:22:38] "OPTIONS /api/parametres/ HTTP/1.1" 200 0
[10/May/2026 10:22:38] "OPTIONS /api/users/?profil_mentorat=MENTORE,MENTOR_ET_MENTORE HTTP/1.1" 200 0
[10/May/2026 10:22:38] "OPTIONS /api/mentorship-assignments/ HTTP/1.1" 200 0
[10/May/2026 10:22:38] "OPTIONS /api/parametres/ HTTP/1.1" 200 0
[10/May/2026 10:22:38] "GET /api/users/?profil_mentorat=MENTORE,MENTOR_ET_MENTORE HTTP/1.1" 200 929
[10/May/2026 10:22:38] "GET /api/parametres/ HTTP/1.1" 200 119
[10/May/2026 10:22:38] "OPTIONS /api/mentorship-periods/ HTTP/1.1" 200 0
[10/May/2026 10:22:38] "GET /api/mentorship-periods/ HTTP/1.1" 200 310
[10/May/2026 10:22:38] "GET /api/users/?profil_mentorat=MENTOR,MENTOR_ET_MENTORE HTTP/1.1" 200 466
[10/May/2026 10:22:38] "OPTIONS /api/users/?profil_mentorat=MENTOR,MENTOR_ET_MENTORE HTTP/1.1" 200 0
[10/May/2026 10:22:38] "OPTIONS /api/users/?profil_mentorat=MENTORE,MENTOR_ET_MENTORE HTTP/1.1" 200 0
[10/May/2026 10:22:38] "OPTIONS /api/mentorship-assignments/ HTTP/1.1" 200 0
[10/May/2026 10:22:38] "GET /api/mentorship-assignments/ HTTP/1.1" 200 2
[10/May/2026 10:22:38] "GET /api/users/?profil_mentorat=MENTORE,MENTOR_ET_MENTORE HTTP/1.1" 200 929
[10/May/2026 10:22:38] "GET /api/users/?profil_mentorat=MENTOR,MENTOR_ET_MENTORE HTTP/1.1" 200 466
[10/May/2026 10:22:38] "GET /api/mentorship-assignments/ HTTP/1.1" 200 2
[10/May/2026 10:22:38] "GET /api/parametres/ HTTP/1.1" 200 119
[10/May/2026 10:22:38] "GET /api/mentorship-periods/ HTTP/1.1" 200 310
[10/May/2026 10:22:46] "OPTIONS /api/users/?profil_mentorat=MENTOR,MENTOR_ET_MENTORE HTTP/1.1" 200 0
[10/May/2026 10:22:46] "OPTIONS /api/users/?profil_mentorat=MENTORE,MENTOR_ET_MENTORE HTTP/1.1" 200 0
[10/May/2026 10:22:46] "OPTIONS /api/mentorship-periods/ HTTP/1.1" 200 0
[10/May/2026 10:22:46] "OPTIONS /api/admin/mentorship-sessions/ HTTP/1.1" 200 0
[10/May/2026 10:22:46] "OPTIONS /api/parametres/ HTTP/1.1" 200 0
[10/May/2026 10:22:46] "OPTIONS /api/parametres/ HTTP/1.1" 200 0
[10/May/2026 10:22:46] "GET /api/users/?profil_mentorat=MENTORE,MENTOR_ET_MENTORE HTTP/1.1" 200 929
[10/May/2026 10:22:46] "OPTIONS /api/mentorship-periods/ HTTP/1.1" 200 0
[10/May/2026 10:22:46] "OPTIONS /api/users/?profil_mentorat=MENTOR,MENTOR_ET_MENTORE HTTP/1.1" 200 0
[10/May/2026 10:22:46] "OPTIONS /api/users/?profil_mentorat=MENTORE,MENTOR_ET_MENTORE HTTP/1.1" 200 0
[10/May/2026 10:22:46] "OPTIONS /api/admin/mentorship-sessions/ HTTP/1.1" 200 0
[10/May/2026 10:22:46] "GET /api/parametres/ HTTP/1.1" 200 119
[10/May/2026 10:22:46] "GET /api/parametres/ HTTP/1.1" 200 119
[10/May/2026 10:22:46] "GET /api/users/?profil_mentorat=MENTOR,MENTOR_ET_MENTORE HTTP/1.1" 200 466
[10/May/2026 10:22:46] "GET /api/mentorship-periods/ HTTP/1.1" 200 310
[10/May/2026 10:22:46] "GET /api/admin/mentorship-sessions/ HTTP/1.1" 200 2
[10/May/2026 10:22:46] "GET /api/mentorship-periods/ HTTP/1.1" 200 310
[10/May/2026 10:22:46] "GET /api/users/?profil_mentorat=MENTOR,MENTOR_ET_MENTORE HTTP/1.1" 200 466
[10/May/2026 10:22:46] "GET /api/users/?profil_mentorat=MENTORE,MENTOR_ET_MENTORE HTTP/1.1" 200 929
[10/May/2026 10:22:46] "GET /api/admin/mentorship-sessions/ HTTP/1.1" 200 2
[10/May/2026 10:22:50] "OPTIONS /api/mentorship-periods/ HTTP/1.1" 200 0
[10/May/2026 10:22:50] "OPTIONS /api/parametres/ HTTP/1.1" 200 0
[10/May/2026 10:22:50] "OPTIONS /api/mentorship-periods/ HTTP/1.1" 200 0
[10/May/2026 10:22:50] "OPTIONS /api/users/?profil_mentorat=MENTORE,MENTOR_ET_MENTORE HTTP/1.1" 200 0
[10/May/2026 10:22:50] "OPTIONS /api/users/?profil_mentorat=MENTOR,MENTOR_ET_MENTORE HTTP/1.1" 200 0
[10/May/2026 10:22:50] "OPTIONS /api/admin/mentorship-progress/ HTTP/1.1" 200 0
[10/May/2026 10:22:50] "OPTIONS /api/parametres/ HTTP/1.1" 200 0
[10/May/2026 10:22:50] "OPTIONS /api/admin/mentorship-progress/ HTTP/1.1" 200 0
[10/May/2026 10:22:50] "OPTIONS /api/users/?profil_mentorat=MENTORE,MENTOR_ET_MENTORE HTTP/1.1" 200 0
[10/May/2026 10:22:50] "OPTIONS /api/users/?profil_mentorat=MENTOR,MENTOR_ET_MENTORE HTTP/1.1" 200 0
[10/May/2026 10:22:50] "GET /api/parametres/ HTTP/1.1" 200 119
[10/May/2026 10:22:50] "GET /api/parametres/ HTTP/1.1" 200 119
[10/May/2026 10:22:51] "GET /api/mentorship-periods/ HTTP/1.1" 200 310
[10/May/2026 10:22:51] "GET /api/users/?profil_mentorat=MENTORE,MENTOR_ET_MENTORE HTTP/1.1" 200 929
[10/May/2026 10:22:51] "GET /api/users/?profil_mentorat=MENTOR,MENTOR_ET_MENTORE HTTP/1.1" 200 466
[10/May/2026 10:22:51] "GET /api/admin/mentorship-progress/ HTTP/1.1" 200 2
[10/May/2026 10:22:51] "GET /api/admin/mentorship-progress/ HTTP/1.1" 200 2
[10/May/2026 10:22:51] "GET /api/users/?profil_mentorat=MENTOR,MENTOR_ET_MENTORE HTTP/1.1" 200 466
[10/May/2026 10:22:51] "GET /api/users/?profil_mentorat=MENTORE,MENTOR_ET_MENTORE HTTP/1.1" 200 929
[10/May/2026 10:22:51] "GET /api/mentorship-periods/ HTTP/1.1" 200 310
[10/May/2026 10:22:56] "OPTIONS /api/users/?profil_mentorat=MENTORE,MENTOR_ET_MENTORE HTTP/1.1" 200 0
[10/May/2026 10:22:56] "OPTIONS /api/users/?profil_mentorat=MENTOR,MENTOR_ET_MENTORE HTTP/1.1" 200 0
[10/May/2026 10:22:56] "OPTIONS /api/mentorship-periods/ HTTP/1.1" 200 0
[10/May/2026 10:22:56] "OPTIONS /api/parametres/ HTTP/1.1" 200 0
[10/May/2026 10:22:56] "OPTIONS /api/admin/mentorship-overview/ HTTP/1.1" 200 0
[10/May/2026 10:22:56] "OPTIONS /api/admin/mentorship-reports/ HTTP/1.1" 200 0
[10/May/2026 10:22:56] "OPTIONS /api/admin/mentorship-reports/ HTTP/1.1" 200 0
[10/May/2026 10:22:56] "OPTIONS /api/admin/mentorship-overview/ HTTP/1.1" 200 0
[10/May/2026 10:22:56] "OPTIONS /api/users/?profil_mentorat=MENTOR,MENTOR_ET_MENTORE HTTP/1.1" 200 0
[10/May/2026 10:22:56] "OPTIONS /api/parametres/ HTTP/1.1" 200 0
[10/May/2026 10:22:56] "OPTIONS /api/users/?profil_mentorat=MENTORE,MENTOR_ET_MENTORE HTTP/1.1" 200 0
[10/May/2026 10:22:56] "OPTIONS /api/mentorship-periods/ HTTP/1.1" 200 0
[10/May/2026 10:22:57] "GET /api/parametres/ HTTP/1.1" 200 119
[10/May/2026 10:22:57] "GET /api/mentorship-periods/ HTTP/1.1" 200 310
[10/May/2026 10:22:57] "GET /api/admin/mentorship-reports/ HTTP/1.1" 200 63
[10/May/2026 10:22:57] "GET /api/users/?profil_mentorat=MENTORE,MENTOR_ET_MENTORE HTTP/1.1" 200 929
[10/May/2026 10:22:57] "GET /api/admin/mentorship-overview/ HTTP/1.1" 200 493
[10/May/2026 10:22:57] "GET /api/parametres/ HTTP/1.1" 200 119
[10/May/2026 10:22:57] "GET /api/admin/mentorship-reports/ HTTP/1.1" 200 63
[10/May/2026 10:22:57] "GET /api/mentorship-periods/ HTTP/1.1" 200 310
[10/May/2026 10:22:57] "GET /api/users/?profil_mentorat=MENTORE,MENTOR_ET_MENTORE HTTP/1.1" 200 929
[10/May/2026 10:22:57] "GET /api/users/?profil_mentorat=MENTOR,MENTOR_ET_MENTORE HTTP/1.1" 200 466
[10/May/2026 10:22:57] "GET /api/admin/mentorship-overview/ HTTP/1.1" 200 493
[10/May/2026 10:22:57] "GET /api/users/?profil_mentorat=MENTOR,MENTOR_ET_MENTORE HTTP/1.1" 200 466
[10/May/2026 10:23:14] "OPTIONS /api/evenements/ HTTP/1.1" 200 0
[10/May/2026 10:23:14] "OPTIONS /api/parametres/ HTTP/1.1" 200 0
[10/May/2026 10:23:14] "OPTIONS /api/evenements/ HTTP/1.1" 200 0
[10/May/2026 10:23:14] "OPTIONS /api/parametres/ HTTP/1.1" 200 0
[10/May/2026 10:23:14] "GET /api/parametres/ HTTP/1.1" 200 119
[10/May/2026 10:23:14] "GET /api/parametres/ HTTP/1.1" 200 119
[10/May/2026 10:23:14] "GET /api/evenements/ HTTP/1.1" 200 297
[10/May/2026 10:23:14] "GET /api/evenements/ HTTP/1.1" 200 297
[10/May/2026 10:23:14] "GET /media/evenements/images/reseautage.jpg HTTP/1.1" 304 0
[10/May/2026 10:24:39] "OPTIONS /api/partenaires/ HTTP/1.1" 200 0
[10/May/2026 10:24:39] "OPTIONS /api/parametres/ HTTP/1.1" 200 0
[10/May/2026 10:24:39] "OPTIONS /api/partenaires/ HTTP/1.1" 200 0
[10/May/2026 10:24:39] "OPTIONS /api/parametres/ HTTP/1.1" 200 0
[10/May/2026 10:24:39] "GET /api/partenaires/ HTTP/1.1" 200 273
[10/May/2026 10:24:39] "GET /api/partenaires/ HTTP/1.1" 200 273
[10/May/2026 10:24:39] "GET /api/parametres/ HTTP/1.1" 200 119
[10/May/2026 10:24:39] "GET /api/parametres/ HTTP/1.1" 200 119
[10/May/2026 10:24:39] "GET /media/partenaires/reseautage.jpg HTTP/1.1" 304 0
[10/May/2026 10:24:48] "OPTIONS /api/emails/ HTTP/1.1" 200 0
[10/May/2026 10:24:48] "OPTIONS /api/parametres/ HTTP/1.1" 200 0
[10/May/2026 10:24:48] "OPTIONS /api/parametres/ HTTP/1.1" 200 0
[10/May/2026 10:24:48] "OPTIONS /api/emails/ HTTP/1.1" 200 0
[10/May/2026 10:24:48] "GET /api/parametres/ HTTP/1.1" 200 119
[10/May/2026 10:24:48] "GET /api/parametres/ HTTP/1.1" 200 119
[10/May/2026 10:24:48] "GET /api/emails/ HTTP/1.1" 200 2
[10/May/2026 10:24:48] "GET /api/emails/ HTTP/1.1" 200 2
[10/May/2026 10:25:44] "OPTIONS /api/partenaires/ HTTP/1.1" 200 0
[10/May/2026 10:25:44] "OPTIONS /api/partenaires/ HTTP/1.1" 200 0
[10/May/2026 10:25:44] "OPTIONS /api/parametres/ HTTP/1.1" 200 0
[10/May/2026 10:25:44] "OPTIONS /api/parametres/ HTTP/1.1" 200 0
[10/May/2026 10:25:44] "GET /api/partenaires/ HTTP/1.1" 200 273
[10/May/2026 10:25:44] "GET /api/parametres/ HTTP/1.1" 200 119
[10/May/2026 10:25:44] "GET /api/partenaires/ HTTP/1.1" 200 273
[10/May/2026 10:25:44] "GET /api/parametres/ HTTP/1.1" 200 119
[10/May/2026 10:25:54] "OPTIONS /api/evenements/ HTTP/1.1" 200 0
[10/May/2026 10:25:54] "OPTIONS /api/parametres/ HTTP/1.1" 200 0
[10/May/2026 10:25:54] "OPTIONS /api/parametres/ HTTP/1.1" 200 0
[10/May/2026 10:25:54] "OPTIONS /api/evenements/ HTTP/1.1" 200 0
[10/May/2026 10:25:54] "GET /api/evenements/ HTTP/1.1" 200 297
[10/May/2026 10:25:54] "GET /api/evenements/ HTTP/1.1" 200 297
[10/May/2026 10:25:54] "GET /api/parametres/ HTTP/1.1" 200 119
[10/May/2026 10:25:54] "GET /api/parametres/ HTTP/1.1" 200 119
[10/May/2026 10:26:22] "OPTIONS /api/parametres/ HTTP/1.1" 200 0
[10/May/2026 10:26:22] "OPTIONS /api/partenaires/ HTTP/1.1" 200 0
[10/May/2026 10:26:22] "OPTIONS /api/parametres/ HTTP/1.1" 200 0
[10/May/2026 10:26:22] "OPTIONS /api/partenaires/ HTTP/1.1" 200 0
[10/May/2026 10:26:22] "GET /api/parametres/ HTTP/1.1" 200 119
[10/May/2026 10:26:22] "GET /api/partenaires/ HTTP/1.1" 200 273
[10/May/2026 10:26:22] "GET /api/parametres/ HTTP/1.1" 200 119
[10/May/2026 10:26:22] "GET /api/partenaires/ HTTP/1.1" 200 273
[10/May/2026 10:27:04] "OPTIONS /api/parametres/ HTTP/1.1" 200 0
[10/May/2026 10:27:04] "OPTIONS /api/parametres/ HTTP/1.1" 200 0
[10/May/2026 10:27:04] "OPTIONS /api/parametres/ HTTP/1.1" 200 0
[10/May/2026 10:27:04] "OPTIONS /api/parametres/ HTTP/1.1" 200 0
[10/May/2026 10:27:04] "GET /api/parametres/ HTTP/1.1" 200 119
[10/May/2026 10:27:04] "GET /api/parametres/ HTTP/1.1" 200 119
[10/May/2026 10:27:04] "GET /api/parametres/ HTTP/1.1" 200 119
[10/May/2026 10:27:04] "GET /api/parametres/ HTTP/1.1" 200 119
[10/May/2026 10:28:02] "OPTIONS /api/parametres/ HTTP/1.1" 200 0
[10/May/2026 10:28:02] "OPTIONS /api/parametres/ HTTP/1.1" 200 0
[10/May/2026 10:28:02] "OPTIONS /api/partenaires/ HTTP/1.1" 200 0
[10/May/2026 10:28:02] "OPTIONS /api/partenaires/ HTTP/1.1" 200 0
[10/May/2026 10:28:02] "GET /api/partenaires/ HTTP/1.1" 200 273
[10/May/2026 10:28:02] "GET /api/partenaires/ HTTP/1.1" 200 273
[10/May/2026 10:28:02] "GET /api/parametres/ HTTP/1.1" 200 119
[10/May/2026 10:28:02] "GET /api/parametres/ HTTP/1.1" 200 119
[10/May/2026 10:28:07] "OPTIONS /api/parametres/ HTTP/1.1" 200 0
[10/May/2026 10:28:07] "OPTIONS /api/parametres/ HTTP/1.1" 200 0
[10/May/2026 10:28:07] "OPTIONS /api/evenements/ HTTP/1.1" 200 0
[10/May/2026 10:28:07] "OPTIONS /api/evenements/ HTTP/1.1" 200 0
[10/May/2026 10:28:07] "GET /api/parametres/ HTTP/1.1" 200 119
[10/May/2026 10:28:07] "GET /api/evenements/ HTTP/1.1" 200 297
[10/May/2026 10:28:07] "GET /api/evenements/ HTTP/1.1" 200 297
[10/May/2026 10:28:07] "GET /api/parametres/ HTTP/1.1" 200 119
[10/May/2026 10:28:55] "OPTIONS /api/parametres/ HTTP/1.1" 200 0
[10/May/2026 10:28:55] "OPTIONS /api/parametres/ HTTP/1.1" 200 0
[10/May/2026 10:28:55] "OPTIONS /api/parametres/ HTTP/1.1" 200 0
[10/May/2026 10:28:55] "OPTIONS /api/parametres/ HTTP/1.1" 200 0
[10/May/2026 10:28:55] "GET /api/parametres/ HTTP/1.1" 200 119
[10/May/2026 10:28:55] "GET /api/parametres/ HTTP/1.1" 200 119
[10/May/2026 10:28:55] "GET /api/parametres/ HTTP/1.1" 200 119
[10/May/2026 10:28:55] "GET /api/parametres/ HTTP/1.1" 200 119
[10/May/2026 10:28:55] "OPTIONS /api/mentorship-periods/ HTTP/1.1" 200 0
[10/May/2026 10:28:55] "OPTIONS /api/mentorship-periods/ HTTP/1.1" 200 0
[10/May/2026 10:28:55] "GET /api/mentorship-periods/ HTTP/1.1" 200 310
[10/May/2026 10:28:55] "GET /api/mentorship-periods/ HTTP/1.1" 200 310
[10/May/2026 10:29:25] "OPTIONS /api/users/?profil_mentorat=MENTOR,MENTOR_ET_MENTORE HTTP/1.1" 200 0
[10/May/2026 10:29:25] "OPTIONS /api/users/?profil_mentorat=MENTORE,MENTOR_ET_MENTORE HTTP/1.1" 200 0
[10/May/2026 10:29:25] "OPTIONS /api/parametres/ HTTP/1.1" 200 0
[10/May/2026 10:29:25] "OPTIONS /api/mentorship-periods/ HTTP/1.1" 200 0
[10/May/2026 10:29:25] "OPTIONS /api/admin/mentorship-progress/ HTTP/1.1" 200 0
[10/May/2026 10:29:25] "OPTIONS /api/mentorship-periods/ HTTP/1.1" 200 0
[10/May/2026 10:29:25] "OPTIONS /api/admin/mentorship-progress/ HTTP/1.1" 200 0
[10/May/2026 10:29:25] "OPTIONS /api/users/?profil_mentorat=MENTOR,MENTOR_ET_MENTORE HTTP/1.1" 200 0
[10/May/2026 10:29:25] "OPTIONS /api/parametres/ HTTP/1.1" 200 0
[10/May/2026 10:29:25] "OPTIONS /api/users/?profil_mentorat=MENTORE,MENTOR_ET_MENTORE HTTP/1.1" 200 0
[10/May/2026 10:29:25] "GET /api/parametres/ HTTP/1.1" 200 119
[10/May/2026 10:29:25] "GET /api/mentorship-periods/ HTTP/1.1" 200 310
[10/May/2026 10:29:25] "GET /api/users/?profil_mentorat=MENTOR,MENTOR_ET_MENTORE HTTP/1.1" 200 466
[10/May/2026 10:29:25] "GET /api/users/?profil_mentorat=MENTORE,MENTOR_ET_MENTORE HTTP/1.1" 200 929
[10/May/2026 10:29:25] "GET /api/mentorship-periods/ HTTP/1.1" 200 310
[10/May/2026 10:29:25] "GET /api/admin/mentorship-progress/ HTTP/1.1" 200 2
[10/May/2026 10:29:25] "GET /api/admin/mentorship-progress/ HTTP/1.1" 200 2
[10/May/2026 10:29:25] "GET /api/parametres/ HTTP/1.1" 200 119
[10/May/2026 10:29:25] "GET /api/users/?profil_mentorat=MENTOR,MENTOR_ET_MENTORE HTTP/1.1" 200 466
[10/May/2026 10:29:25] "GET /api/users/?profil_mentorat=MENTORE,MENTOR_ET_MENTORE HTTP/1.1" 200 929
[10/May/2026 10:29:29] "OPTIONS /api/parametres/ HTTP/1.1" 200 0
[10/May/2026 10:29:29] "OPTIONS /api/mentorship-periods/ HTTP/1.1" 200 0
[10/May/2026 10:29:29] "OPTIONS /api/admin/mentorship-overview/ HTTP/1.1" 200 0
[10/May/2026 10:29:29] "OPTIONS /api/users/?profil_mentorat=MENTORE,MENTOR_ET_MENTORE HTTP/1.1" 200 0
[10/May/2026 10:29:29] "OPTIONS /api/admin/mentorship-reports/ HTTP/1.1" 200 0
[10/May/2026 10:29:29] "OPTIONS /api/users/?profil_mentorat=MENTOR,MENTOR_ET_MENTORE HTTP/1.1" 200 0
[10/May/2026 10:29:29] "OPTIONS /api/mentorship-periods/ HTTP/1.1" 200 0
[10/May/2026 10:29:29] "OPTIONS /api/admin/mentorship-reports/ HTTP/1.1" 200 0
[10/May/2026 10:29:29] "OPTIONS /api/users/?profil_mentorat=MENTORE,MENTOR_ET_MENTORE HTTP/1.1" 200 0
[10/May/2026 10:29:29] "OPTIONS /api/users/?profil_mentorat=MENTOR,MENTOR_ET_MENTORE HTTP/1.1" 200 0
[10/May/2026 10:29:29] "OPTIONS /api/parametres/ HTTP/1.1" 200 0
[10/May/2026 10:29:29] "OPTIONS /api/admin/mentorship-overview/ HTTP/1.1" 200 0
[10/May/2026 10:29:29] "GET /api/mentorship-periods/ HTTP/1.1" 200 310
[10/May/2026 10:29:30] "GET /api/parametres/ HTTP/1.1" 200 119
[10/May/2026 10:29:30] "GET /api/admin/mentorship-reports/ HTTP/1.1" 200 63
[10/May/2026 10:29:30] "GET /api/users/?profil_mentorat=MENTOR,MENTOR_ET_MENTORE HTTP/1.1" 200 466
[10/May/2026 10:29:30] "GET /api/users/?profil_mentorat=MENTORE,MENTOR_ET_MENTORE HTTP/1.1" 200 929
[10/May/2026 10:29:30] "GET /api/admin/mentorship-overview/ HTTP/1.1" 200 493
[10/May/2026 10:29:30] "GET /api/mentorship-periods/ HTTP/1.1" 200 310
[10/May/2026 10:29:30] "GET /api/users/?profil_mentorat=MENTORE,MENTOR_ET_MENTORE HTTP/1.1" 200 929
[10/May/2026 10:29:30] "GET /api/parametres/ HTTP/1.1" 200 119
[10/May/2026 10:29:30] "GET /api/users/?profil_mentorat=MENTOR,MENTOR_ET_MENTORE HTTP/1.1" 200 466
[10/May/2026 10:29:30] "GET /api/admin/mentorship-reports/ HTTP/1.1" 200 63
[10/May/2026 10:29:30] "GET /api/admin/mentorship-overview/ HTTP/1.1" 200 493
[10/May/2026 10:30:02] "OPTIONS /api/mentorship-periods/ HTTP/1.1" 200 0
[10/May/2026 10:30:02] "OPTIONS /api/users/?profil_mentorat=MENTOR,MENTOR_ET_MENTORE HTTP/1.1" 200 0
[10/May/2026 10:30:02] "OPTIONS /api/admin/mentorship-overview/?mentoree=3 HTTP/1.1" 200 0
[10/May/2026 10:30:02] "OPTIONS /api/admin/mentorship-reports/?mentoree=3 HTTP/1.1" 200 0
[10/May/2026 10:30:02] "OPTIONS /api/users/?profil_mentorat=MENTORE,MENTOR_ET_MENTORE HTTP/1.1" 200 0
[10/May/2026 10:30:02] "GET /api/users/?profil_mentorat=MENTORE,MENTOR_ET_MENTORE HTTP/1.1" 200 929
[10/May/2026 10:30:02] "GET /api/users/?profil_mentorat=MENTOR,MENTOR_ET_MENTORE HTTP/1.1" 200 466
[10/May/2026 10:30:02] "GET /api/mentorship-periods/ HTTP/1.1" 200 310
[10/May/2026 10:30:02] "GET /api/admin/mentorship-overview/?mentoree=3 HTTP/1.1" 200 493
[10/May/2026 10:30:02] "GET /api/admin/mentorship-reports/?mentoree=3 HTTP/1.1" 200 63
[10/May/2026 10:30:11] "OPTIONS /api/admin/mentorship-reports/?mentor=2&mentoree=3 HTTP/1.1" 200 0
[10/May/2026 10:30:11] "OPTIONS /api/mentorship-periods/ HTTP/1.1" 200 0
[10/May/2026 10:30:11] "OPTIONS /api/users/?profil_mentorat=MENTORE,MENTOR_ET_MENTORE HTTP/1.1" 200 0
[10/May/2026 10:30:11] "OPTIONS /api/admin/mentorship-overview/?mentor=2&mentoree=3 HTTP/1.1" 200 0
[10/May/2026 10:30:11] "OPTIONS /api/users/?profil_mentorat=MENTOR,MENTOR_ET_MENTORE HTTP/1.1" 200 0
[10/May/2026 10:30:11] "GET /api/users/?profil_mentorat=MENTORE,MENTOR_ET_MENTORE HTTP/1.1" 200 929
[10/May/2026 10:30:11] "GET /api/mentorship-periods/ HTTP/1.1" 200 310
[10/May/2026 10:30:11] "GET /api/admin/mentorship-reports/?mentor=2&mentoree=3 HTTP/1.1" 200 63
[10/May/2026 10:30:11] "GET /api/users/?profil_mentorat=MENTOR,MENTOR_ET_MENTORE HTTP/1.1" 200 466
[10/May/2026 10:30:11] "GET /api/admin/mentorship-overview/?mentor=2&mentoree=3 HTTP/1.1" 200 493
[10/May/2026 10:30:14] "OPTIONS /api/users/?profil_mentorat=MENTORE,MENTOR_ET_MENTORE HTTP/1.1" 200 0
[10/May/2026 10:30:14] "OPTIONS /api/users/?profil_mentorat=MENTOR,MENTOR_ET_MENTORE HTTP/1.1" 200 0
[10/May/2026 10:30:14] "OPTIONS /api/admin/mentorship-reports/?period=1&mentor=2&mentoree=3 HTTP/1.1" 200 0
[10/May/2026 10:30:14] "OPTIONS /api/admin/mentorship-overview/?period=1&mentor=2&mentoree=3 HTTP/1.1" 200 0
[10/May/2026 10:30:14] "OPTIONS /api/mentorship-periods/ HTTP/1.1" 200 0
[10/May/2026 10:30:14] "GET /api/mentorship-periods/ HTTP/1.1" 200 310
[10/May/2026 10:30:14] "GET /api/users/?profil_mentorat=MENTORE,MENTOR_ET_MENTORE HTTP/1.1" 200 929
[10/May/2026 10:30:14] "GET /api/admin/mentorship-reports/?period=1&mentor=2&mentoree=3 HTTP/1.1" 200 63
[10/May/2026 10:30:14] "GET /api/users/?profil_mentorat=MENTOR,MENTOR_ET_MENTORE HTTP/1.1" 200 466
[10/May/2026 10:30:14] "GET /api/admin/mentorship-overview/?period=1&mentor=2&mentoree=3 HTTP/1.1" 200 493
[10/May/2026 10:30:18] "OPTIONS /api/users/?profil_mentorat=MENTOR,MENTOR_ET_MENTORE HTTP/1.1" 200 0
[10/May/2026 10:30:18] "OPTIONS /api/admin/mentorship-reports/?period=1&mentor=2&mentoree=3&status=active HTTP/1.1" 200 0
[10/May/2026 10:30:18] "OPTIONS /api/mentorship-periods/ HTTP/1.1" 200 0
[10/May/2026 10:30:18] "OPTIONS /api/admin/mentorship-overview/?period=1&mentor=2&mentoree=3&status=active HTTP/1.1" 200 0
[10/May/2026 10:30:18] "OPTIONS /api/users/?profil_mentorat=MENTORE,MENTOR_ET_MENTORE HTTP/1.1" 200 0
[10/May/2026 10:30:18] "GET /api/users/?profil_mentorat=MENTOR,MENTOR_ET_MENTORE HTTP/1.1" 200 466
[10/May/2026 10:30:18] "GET /api/users/?profil_mentorat=MENTORE,MENTOR_ET_MENTORE HTTP/1.1" 200 929
[10/May/2026 10:30:18] "GET /api/admin/mentorship-reports/?period=1&mentor=2&mentoree=3&status=active HTTP/1.1" 200 63
[10/May/2026 10:30:18] "GET /api/admin/mentorship-overview/?period=1&mentor=2&mentoree=3&status=active HTTP/1.1" 200 493
[10/May/2026 10:30:18] "GET /api/mentorship-periods/ HTTP/1.1" 200 310
[10/May/2026 10:30:26] "GET /api/niveaux/ HTTP/1.1" 200 485
[10/May/2026 10:30:26] "GET /api/mentorship-periods/available/ HTTP/1.1" 200 240
